{
  "0 debug pnpm:scope": {
    "selected": 1
  },
  "1 error pnpm": {
    "code": "ELIFECYCLE",
    "errno": "ENOENT",
    "syscall": "spawn",
    "file": "sh",
    "pkgid": "root@0.0.0",
    "stage": "commit",
    "script": "git-cz",
    "pkgname": "root",
    "err": {
      "name": "pnpm",
      "message": "root@0.0.0 commit: `git-cz`\nspawn ENOENT",
      "code": "ELIFECYCLE",
      "stack": "pnpm: root@0.0.0 commit: `git-cz`\nspawn ENOENT\n    at ChildProcess.<anonymous> (/root/.fnm/node-versions/v14.18.1/installation/pnpm-global/5/node_modules/.pnpm/pnpm@6.21.0/node_modules/pnpm/dist/pnpm.cjs:91269:22)\n    at ChildProcess.emit (events.js:400:28)\n    at maybeClose (internal/child_process.js:1058:16)\n    at Process.ChildProcess._handle.onexit (internal/child_process.js:293:5)"
    }
  }
}